<?xml version="1.0" encoding="UTF-8"?>
<testsuite name="qotd.QuoteControllerSpec" tests="7" skipped="0" failures="5" errors="0" timestamp="2016-05-10T03:14:14" hostname="Alexs-MacBook-Pro.local" time="0.276">
  <properties/>
  <testcase name="Test the index action returns the correct model" classname="qotd.QuoteControllerSpec" time="0.215"/>
  <testcase name="Test the create action returns the correct model" classname="qotd.QuoteControllerSpec" time="0.01"/>
  <testcase name="Test the save action correctly persists an instance" classname="qotd.QuoteControllerSpec" time="0.01">
    <failure message="Condition not satisfied:&#10;&#10;false&#10;&#10;TODO: Provide a populateValidParams() implementation for this generated test suite&#10;" type="org.spockframework.runtime.ConditionNotSatisfiedError">Condition not satisfied:

false

TODO: Provide a populateValidParams() implementation for this generated test suite

	at qotd.QuoteControllerSpec.populateValidParams(QuoteControllerSpec.groovy:16)
	at qotd.QuoteControllerSpec.Test the save action correctly persists an instance(QuoteControllerSpec.groovy:52)
</failure>
  </testcase>
  <testcase name="Test that the show action returns the correct model" classname="qotd.QuoteControllerSpec" time="0.008">
    <failure message="Condition not satisfied:&#10;&#10;false&#10;&#10;TODO: Provide a populateValidParams() implementation for this generated test suite&#10;" type="org.spockframework.runtime.ConditionNotSatisfiedError">Condition not satisfied:

false

TODO: Provide a populateValidParams() implementation for this generated test suite

	at qotd.QuoteControllerSpec.populateValidParams(QuoteControllerSpec.groovy:16)
	at qotd.QuoteControllerSpec.Test that the show action returns the correct model(QuoteControllerSpec.groovy:71)
</failure>
  </testcase>
  <testcase name="Test that the edit action returns the correct model" classname="qotd.QuoteControllerSpec" time="0.007">
    <failure message="Condition not satisfied:&#10;&#10;false&#10;&#10;TODO: Provide a populateValidParams() implementation for this generated test suite&#10;" type="org.spockframework.runtime.ConditionNotSatisfiedError">Condition not satisfied:

false

TODO: Provide a populateValidParams() implementation for this generated test suite

	at qotd.QuoteControllerSpec.populateValidParams(QuoteControllerSpec.groovy:16)
	at qotd.QuoteControllerSpec.Test that the edit action returns the correct model(QuoteControllerSpec.groovy:87)
</failure>
  </testcase>
  <testcase name="Test the update action performs an update on a valid domain instance" classname="qotd.QuoteControllerSpec" time="0.018">
    <failure message="Condition not satisfied:&#10;&#10;false&#10;&#10;TODO: Provide a populateValidParams() implementation for this generated test suite&#10;" type="org.spockframework.runtime.ConditionNotSatisfiedError">Condition not satisfied:

false

TODO: Provide a populateValidParams() implementation for this generated test suite

	at qotd.QuoteControllerSpec.populateValidParams(QuoteControllerSpec.groovy:16)
	at qotd.QuoteControllerSpec.Test the update action performs an update on a valid domain instance(QuoteControllerSpec.groovy:117)
</failure>
  </testcase>
  <testcase name="Test that the delete action deletes an instance if it exists" classname="qotd.QuoteControllerSpec" time="0.008">
    <failure message="Condition not satisfied:&#10;&#10;false&#10;&#10;TODO: Provide a populateValidParams() implementation for this generated test suite&#10;" type="org.spockframework.runtime.ConditionNotSatisfiedError">Condition not satisfied:

false

TODO: Provide a populateValidParams() implementation for this generated test suite

	at qotd.QuoteControllerSpec.populateValidParams(QuoteControllerSpec.groovy:16)
	at qotd.QuoteControllerSpec.Test that the delete action deletes an instance if it exists(QuoteControllerSpec.groovy:139)
</failure>
  </testcase>
  <system-out><![CDATA[]]></system-out>
  <system-err><![CDATA[]]></system-err>
</testsuite>
